<object-stream>
<org.drools.kiesession.audit.WorkingMemoryLog>
  <version>6.1</version>
  <events>
    <org.drools.kiesession.audit.ActivationLogEvent>
      <type>4</type>
      <activationId>Get subjects for exam qualification (exam_result_calculation) [1, 4]</activationId>
      <rule>Get subjects for exam qualification (exam_result_calculation)</rule>
      <declarations>$esr=pl.edu.atar.universityrecruitment.ExamSubjectResult@61fafb74; $uc=pl.edu.atar.universityrecruitment.UniversityCandidate@68c87fc3</declarations>
      <factHandleIds>1,4</factHandleIds>
    </org.drools.kiesession.audit.ActivationLogEvent>
    <org.drools.kiesession.audit.ActivationLogEvent>
      <type>4</type>
      <activationId>Get subjects for exam qualification (exam_result_calculation) [1, 3]</activationId>
      <rule>Get subjects for exam qualification (exam_result_calculation)</rule>
      <declarations>$esr=pl.edu.atar.universityrecruitment.ExamSubjectResult@6d9fb2d1; $uc=pl.edu.atar.universityrecruitment.UniversityCandidate@68c87fc3</declarations>
      <factHandleIds>1,3</factHandleIds>
    </org.drools.kiesession.audit.ActivationLogEvent>
    <org.drools.kiesession.audit.ActivationLogEvent>
      <type>4</type>
      <activationId>Get subjects for exam qualification (exam_result_calculation) [1, 2]</activationId>
      <rule>Get subjects for exam qualification (exam_result_calculation)</rule>
      <declarations>$esr=pl.edu.atar.universityrecruitment.ExamSubjectResult@4682eba5; $uc=pl.edu.atar.universityrecruitment.UniversityCandidate@68c87fc3</declarations>
      <factHandleIds>1,2</factHandleIds>
    </org.drools.kiesession.audit.ActivationLogEvent>
    <org.drools.kiesession.audit.ActivationLogEvent>
      <type>6</type>
      <activationId>Get subjects for exam qualification (exam_result_calculation) [1, 4]</activationId>
      <rule>Get subjects for exam qualification (exam_result_calculation)</rule>
      <declarations>$esr=pl.edu.atar.universityrecruitment.ExamSubjectResult@61fafb74; $uc=pl.edu.atar.universityrecruitment.UniversityCandidate@68c87fc3</declarations>
      <factHandleIds>1,4</factHandleIds>
    </org.drools.kiesession.audit.ActivationLogEvent>
    <org.drools.kiesession.audit.ObjectLogEvent>
      <type>1</type>
      <factId>5</factId>
      <objectToString>pl.edu.atar.universityrecruitment.ExamSubjectResult@61fafb74</objectToString>
    </org.drools.kiesession.audit.ObjectLogEvent>
    <org.drools.kiesession.audit.ObjectLogEvent>
      <type>2</type>
      <factId>1</factId>
      <objectToString>pl.edu.atar.universityrecruitment.UniversityCandidate@68c87fc3</objectToString>
    </org.drools.kiesession.audit.ObjectLogEvent>
    <org.drools.kiesession.audit.ActivationLogEvent>
      <type>7</type>
      <activationId>Get subjects for exam qualification (exam_result_calculation) [1, 4]</activationId>
      <rule>Get subjects for exam qualification (exam_result_calculation)</rule>
      <declarations>$esr=pl.edu.atar.universityrecruitment.ExamSubjectResult@61fafb74; $uc=pl.edu.atar.universityrecruitment.UniversityCandidate@68c87fc3</declarations>
      <factHandleIds>1,4</factHandleIds>
    </org.drools.kiesession.audit.ActivationLogEvent>
    <org.drools.kiesession.audit.ActivationLogEvent>
      <type>6</type>
      <activationId>Get subjects for exam qualification (exam_result_calculation) [1, 3]</activationId>
      <rule>Get subjects for exam qualification (exam_result_calculation)</rule>
      <declarations>$esr=pl.edu.atar.universityrecruitment.ExamSubjectResult@6d9fb2d1; $uc=pl.edu.atar.universityrecruitment.UniversityCandidate@68c87fc3</declarations>
      <factHandleIds>1,3</factHandleIds>
    </org.drools.kiesession.audit.ActivationLogEvent>
    <org.drools.kiesession.audit.ObjectLogEvent>
      <type>1</type>
      <factId>6</factId>
      <objectToString>pl.edu.atar.universityrecruitment.ExamSubjectResult@6d9fb2d1</objectToString>
    </org.drools.kiesession.audit.ObjectLogEvent>
    <org.drools.kiesession.audit.ObjectLogEvent>
      <type>2</type>
      <factId>1</factId>
      <objectToString>pl.edu.atar.universityrecruitment.UniversityCandidate@68c87fc3</objectToString>
    </org.drools.kiesession.audit.ObjectLogEvent>
    <org.drools.kiesession.audit.ActivationLogEvent>
      <type>7</type>
      <activationId>Get subjects for exam qualification (exam_result_calculation) [1, 3]</activationId>
      <rule>Get subjects for exam qualification (exam_result_calculation)</rule>
      <declarations>$esr=pl.edu.atar.universityrecruitment.ExamSubjectResult@6d9fb2d1; $uc=pl.edu.atar.universityrecruitment.UniversityCandidate@68c87fc3</declarations>
      <factHandleIds>1,3</factHandleIds>
    </org.drools.kiesession.audit.ActivationLogEvent>
    <org.drools.kiesession.audit.ActivationLogEvent>
      <type>6</type>
      <activationId>Get subjects for exam qualification (exam_result_calculation) [1, 2]</activationId>
      <rule>Get subjects for exam qualification (exam_result_calculation)</rule>
      <declarations>$esr=pl.edu.atar.universityrecruitment.ExamSubjectResult@4682eba5; $uc=pl.edu.atar.universityrecruitment.UniversityCandidate@68c87fc3</declarations>
      <factHandleIds>1,2</factHandleIds>
    </org.drools.kiesession.audit.ActivationLogEvent>
    <org.drools.kiesession.audit.ObjectLogEvent>
      <type>1</type>
      <factId>7</factId>
      <objectToString>pl.edu.atar.universityrecruitment.ExamSubjectResult@4682eba5</objectToString>
    </org.drools.kiesession.audit.ObjectLogEvent>
    <org.drools.kiesession.audit.ObjectLogEvent>
      <type>2</type>
      <factId>1</factId>
      <objectToString>pl.edu.atar.universityrecruitment.UniversityCandidate@68c87fc3</objectToString>
    </org.drools.kiesession.audit.ObjectLogEvent>
    <org.drools.kiesession.audit.ActivationLogEvent>
      <type>7</type>
      <activationId>Get subjects for exam qualification (exam_result_calculation) [1, 2]</activationId>
      <rule>Get subjects for exam qualification (exam_result_calculation)</rule>
      <declarations>$esr=pl.edu.atar.universityrecruitment.ExamSubjectResult@4682eba5; $uc=pl.edu.atar.universityrecruitment.UniversityCandidate@68c87fc3</declarations>
      <factHandleIds>1,2</factHandleIds>
    </org.drools.kiesession.audit.ActivationLogEvent>
    <org.drools.kiesession.audit.ActivationLogEvent>
      <type>4</type>
      <activationId>Subject result summation / Informatyka (exam_result_calculation) [1, 6]</activationId>
      <rule>Subject result summation / Informatyka (exam_result_calculation)</rule>
      <declarations>$esr=pl.edu.atar.universityrecruitment.ExamSubjectResult@6d9fb2d1; $uc=pl.edu.atar.universityrecruitment.UniversityCandidate@68c87fc3</declarations>
      <factHandleIds>6,1</factHandleIds>
    </org.drools.kiesession.audit.ActivationLogEvent>
    <org.drools.kiesession.audit.ActivationLogEvent>
      <type>6</type>
      <activationId>Subject result summation / Informatyka (exam_result_calculation) [1, 6]</activationId>
      <rule>Subject result summation / Informatyka (exam_result_calculation)</rule>
      <declarations>$esr=pl.edu.atar.universityrecruitment.ExamSubjectResult@6d9fb2d1; $uc=pl.edu.atar.universityrecruitment.UniversityCandidate@68c87fc3</declarations>
      <factHandleIds>6,1</factHandleIds>
    </org.drools.kiesession.audit.ActivationLogEvent>
    <org.drools.kiesession.audit.ObjectLogEvent>
      <type>2</type>
      <factId>1</factId>
      <objectToString>pl.edu.atar.universityrecruitment.UniversityCandidate@68c87fc3</objectToString>
    </org.drools.kiesession.audit.ObjectLogEvent>
    <org.drools.kiesession.audit.ObjectLogEvent>
      <type>3</type>
      <factId>6</factId>
      <objectToString>pl.edu.atar.universityrecruitment.ExamSubjectResult@6d9fb2d1</objectToString>
    </org.drools.kiesession.audit.ObjectLogEvent>
    <org.drools.kiesession.audit.ActivationLogEvent>
      <type>7</type>
      <activationId>Subject result summation / Informatyka (exam_result_calculation) [1, 6]</activationId>
      <rule>Subject result summation / Informatyka (exam_result_calculation)</rule>
      <declarations>$uc=pl.edu.atar.universityrecruitment.UniversityCandidate@68c87fc3</declarations>
      <factHandleIds>6,1</factHandleIds>
    </org.drools.kiesession.audit.ActivationLogEvent>
  </events>
</org.drools.kiesession.audit.WorkingMemoryLog>
</object-stream>
