<object-stream>
<org.drools.kiesession.audit.WorkingMemoryLog>
  <version>6.1</version>
  <events>
    <org.drools.kiesession.audit.ActivationLogEvent>
      <type>4</type>
      <activationId>Olympic qualification (exam_result_calculation) [1]</activationId>
      <rule>Olympic qualification (exam_result_calculation)</rule>
      <declarations>$uc=pl.edu.atar.universityrecruitment.UniversityCandidate@7a93b263</declarations>
      <factHandleIds>1</factHandleIds>
    </org.drools.kiesession.audit.ActivationLogEvent>
    <org.drools.kiesession.audit.ActivationLogEvent>
      <type>4</type>
      <activationId>Get subjects for exam qualification (exam_result_calculation) [1, 6]</activationId>
      <rule>Get subjects for exam qualification (exam_result_calculation)</rule>
      <declarations>$esr=pl.edu.atar.universityrecruitment.ExamSubjectResult@64412d34; $uc=pl.edu.atar.universityrecruitment.UniversityCandidate@7a93b263</declarations>
      <factHandleIds>1,6</factHandleIds>
    </org.drools.kiesession.audit.ActivationLogEvent>
    <org.drools.kiesession.audit.ActivationLogEvent>
      <type>4</type>
      <activationId>Get subjects for exam qualification (exam_result_calculation) [1, 5]</activationId>
      <rule>Get subjects for exam qualification (exam_result_calculation)</rule>
      <declarations>$esr=pl.edu.atar.universityrecruitment.ExamSubjectResult@1706a5c9; $uc=pl.edu.atar.universityrecruitment.UniversityCandidate@7a93b263</declarations>
      <factHandleIds>1,5</factHandleIds>
    </org.drools.kiesession.audit.ActivationLogEvent>
    <org.drools.kiesession.audit.ActivationLogEvent>
      <type>4</type>
      <activationId>Get subjects for exam qualification (exam_result_calculation) [1, 4]</activationId>
      <rule>Get subjects for exam qualification (exam_result_calculation)</rule>
      <declarations>$esr=pl.edu.atar.universityrecruitment.ExamSubjectResult@14dc3f89; $uc=pl.edu.atar.universityrecruitment.UniversityCandidate@7a93b263</declarations>
      <factHandleIds>1,4</factHandleIds>
    </org.drools.kiesession.audit.ActivationLogEvent>
    <org.drools.kiesession.audit.ActivationLogEvent>
      <type>4</type>
      <activationId>Get subjects for exam qualification (exam_result_calculation) [1, 3]</activationId>
      <rule>Get subjects for exam qualification (exam_result_calculation)</rule>
      <declarations>$esr=pl.edu.atar.universityrecruitment.ExamSubjectResult@1de6932a; $uc=pl.edu.atar.universityrecruitment.UniversityCandidate@7a93b263</declarations>
      <factHandleIds>1,3</factHandleIds>
    </org.drools.kiesession.audit.ActivationLogEvent>
    <org.drools.kiesession.audit.ActivationLogEvent>
      <type>4</type>
      <activationId>Get subjects for exam qualification (exam_result_calculation) [1, 2]</activationId>
      <rule>Get subjects for exam qualification (exam_result_calculation)</rule>
      <declarations>$esr=pl.edu.atar.universityrecruitment.ExamSubjectResult@7a8136b3; $uc=pl.edu.atar.universityrecruitment.UniversityCandidate@7a93b263</declarations>
      <factHandleIds>1,2</factHandleIds>
    </org.drools.kiesession.audit.ActivationLogEvent>
    <org.drools.kiesession.audit.ActivationLogEvent>
      <type>6</type>
      <activationId>Get subjects for exam qualification (exam_result_calculation) [1, 6]</activationId>
      <rule>Get subjects for exam qualification (exam_result_calculation)</rule>
      <declarations>$esr=pl.edu.atar.universityrecruitment.ExamSubjectResult@64412d34; $uc=pl.edu.atar.universityrecruitment.UniversityCandidate@7a93b263</declarations>
      <factHandleIds>1,6</factHandleIds>
    </org.drools.kiesession.audit.ActivationLogEvent>
    <org.drools.kiesession.audit.ObjectLogEvent>
      <type>1</type>
      <factId>7</factId>
      <objectToString>pl.edu.atar.universityrecruitment.ExamSubjectResult@64412d34</objectToString>
    </org.drools.kiesession.audit.ObjectLogEvent>
    <org.drools.kiesession.audit.ObjectLogEvent>
      <type>2</type>
      <factId>1</factId>
      <objectToString>pl.edu.atar.universityrecruitment.UniversityCandidate@7a93b263</objectToString>
    </org.drools.kiesession.audit.ObjectLogEvent>
    <org.drools.kiesession.audit.ActivationLogEvent>
      <type>7</type>
      <activationId>Get subjects for exam qualification (exam_result_calculation) [1, 6]</activationId>
      <rule>Get subjects for exam qualification (exam_result_calculation)</rule>
      <declarations>$esr=pl.edu.atar.universityrecruitment.ExamSubjectResult@64412d34; $uc=pl.edu.atar.universityrecruitment.UniversityCandidate@7a93b263</declarations>
      <factHandleIds>1,6</factHandleIds>
    </org.drools.kiesession.audit.ActivationLogEvent>
    <org.drools.kiesession.audit.ActivationLogEvent>
      <type>4</type>
      <activationId>Subject result multiplication on exam level (exam_result_calculation) [7]</activationId>
      <rule>Subject result multiplication on exam level (exam_result_calculation)</rule>
      <declarations>$esr=pl.edu.atar.universityrecruitment.ExamSubjectResult@64412d34</declarations>
      <factHandleIds>7</factHandleIds>
    </org.drools.kiesession.audit.ActivationLogEvent>
    <org.drools.kiesession.audit.ActivationLogEvent>
      <type>6</type>
      <activationId>Get subjects for exam qualification (exam_result_calculation) [1, 5]</activationId>
      <rule>Get subjects for exam qualification (exam_result_calculation)</rule>
      <declarations>$esr=pl.edu.atar.universityrecruitment.ExamSubjectResult@1706a5c9; $uc=pl.edu.atar.universityrecruitment.UniversityCandidate@7a93b263</declarations>
      <factHandleIds>1,5</factHandleIds>
    </org.drools.kiesession.audit.ActivationLogEvent>
    <org.drools.kiesession.audit.ObjectLogEvent>
      <type>1</type>
      <factId>8</factId>
      <objectToString>pl.edu.atar.universityrecruitment.ExamSubjectResult@1706a5c9</objectToString>
    </org.drools.kiesession.audit.ObjectLogEvent>
    <org.drools.kiesession.audit.ObjectLogEvent>
      <type>2</type>
      <factId>1</factId>
      <objectToString>pl.edu.atar.universityrecruitment.UniversityCandidate@7a93b263</objectToString>
    </org.drools.kiesession.audit.ObjectLogEvent>
    <org.drools.kiesession.audit.ActivationLogEvent>
      <type>7</type>
      <activationId>Get subjects for exam qualification (exam_result_calculation) [1, 5]</activationId>
      <rule>Get subjects for exam qualification (exam_result_calculation)</rule>
      <declarations>$esr=pl.edu.atar.universityrecruitment.ExamSubjectResult@1706a5c9; $uc=pl.edu.atar.universityrecruitment.UniversityCandidate@7a93b263</declarations>
      <factHandleIds>1,5</factHandleIds>
    </org.drools.kiesession.audit.ActivationLogEvent>
    <org.drools.kiesession.audit.ActivationLogEvent>
      <type>4</type>
      <activationId>Subject result multiplication on exam level (exam_result_calculation) [8]</activationId>
      <rule>Subject result multiplication on exam level (exam_result_calculation)</rule>
      <declarations>$esr=pl.edu.atar.universityrecruitment.ExamSubjectResult@1706a5c9</declarations>
      <factHandleIds>8</factHandleIds>
    </org.drools.kiesession.audit.ActivationLogEvent>
    <org.drools.kiesession.audit.ActivationLogEvent>
      <type>6</type>
      <activationId>Get subjects for exam qualification (exam_result_calculation) [1, 4]</activationId>
      <rule>Get subjects for exam qualification (exam_result_calculation)</rule>
      <declarations>$esr=pl.edu.atar.universityrecruitment.ExamSubjectResult@14dc3f89; $uc=pl.edu.atar.universityrecruitment.UniversityCandidate@7a93b263</declarations>
      <factHandleIds>1,4</factHandleIds>
    </org.drools.kiesession.audit.ActivationLogEvent>
    <org.drools.kiesession.audit.ObjectLogEvent>
      <type>1</type>
      <factId>9</factId>
      <objectToString>pl.edu.atar.universityrecruitment.ExamSubjectResult@14dc3f89</objectToString>
    </org.drools.kiesession.audit.ObjectLogEvent>
    <org.drools.kiesession.audit.ObjectLogEvent>
      <type>2</type>
      <factId>1</factId>
      <objectToString>pl.edu.atar.universityrecruitment.UniversityCandidate@7a93b263</objectToString>
    </org.drools.kiesession.audit.ObjectLogEvent>
    <org.drools.kiesession.audit.ActivationLogEvent>
      <type>7</type>
      <activationId>Get subjects for exam qualification (exam_result_calculation) [1, 4]</activationId>
      <rule>Get subjects for exam qualification (exam_result_calculation)</rule>
      <declarations>$esr=pl.edu.atar.universityrecruitment.ExamSubjectResult@14dc3f89; $uc=pl.edu.atar.universityrecruitment.UniversityCandidate@7a93b263</declarations>
      <factHandleIds>1,4</factHandleIds>
    </org.drools.kiesession.audit.ActivationLogEvent>
    <org.drools.kiesession.audit.ActivationLogEvent>
      <type>6</type>
      <activationId>Get subjects for exam qualification (exam_result_calculation) [1, 3]</activationId>
      <rule>Get subjects for exam qualification (exam_result_calculation)</rule>
      <declarations>$esr=pl.edu.atar.universityrecruitment.ExamSubjectResult@1de6932a; $uc=pl.edu.atar.universityrecruitment.UniversityCandidate@7a93b263</declarations>
      <factHandleIds>1,3</factHandleIds>
    </org.drools.kiesession.audit.ActivationLogEvent>
    <org.drools.kiesession.audit.ObjectLogEvent>
      <type>1</type>
      <factId>10</factId>
      <objectToString>pl.edu.atar.universityrecruitment.ExamSubjectResult@1de6932a</objectToString>
    </org.drools.kiesession.audit.ObjectLogEvent>
    <org.drools.kiesession.audit.ObjectLogEvent>
      <type>2</type>
      <factId>1</factId>
      <objectToString>pl.edu.atar.universityrecruitment.UniversityCandidate@7a93b263</objectToString>
    </org.drools.kiesession.audit.ObjectLogEvent>
    <org.drools.kiesession.audit.ActivationLogEvent>
      <type>7</type>
      <activationId>Get subjects for exam qualification (exam_result_calculation) [1, 3]</activationId>
      <rule>Get subjects for exam qualification (exam_result_calculation)</rule>
      <declarations>$esr=pl.edu.atar.universityrecruitment.ExamSubjectResult@1de6932a; $uc=pl.edu.atar.universityrecruitment.UniversityCandidate@7a93b263</declarations>
      <factHandleIds>1,3</factHandleIds>
    </org.drools.kiesession.audit.ActivationLogEvent>
    <org.drools.kiesession.audit.ActivationLogEvent>
      <type>4</type>
      <activationId>Subject result multiplication on exam level (exam_result_calculation) [10]</activationId>
      <rule>Subject result multiplication on exam level (exam_result_calculation)</rule>
      <declarations>$esr=pl.edu.atar.universityrecruitment.ExamSubjectResult@1de6932a</declarations>
      <factHandleIds>10</factHandleIds>
    </org.drools.kiesession.audit.ActivationLogEvent>
    <org.drools.kiesession.audit.ActivationLogEvent>
      <type>6</type>
      <activationId>Get subjects for exam qualification (exam_result_calculation) [1, 2]</activationId>
      <rule>Get subjects for exam qualification (exam_result_calculation)</rule>
      <declarations>$esr=pl.edu.atar.universityrecruitment.ExamSubjectResult@7a8136b3; $uc=pl.edu.atar.universityrecruitment.UniversityCandidate@7a93b263</declarations>
      <factHandleIds>1,2</factHandleIds>
    </org.drools.kiesession.audit.ActivationLogEvent>
    <org.drools.kiesession.audit.ObjectLogEvent>
      <type>1</type>
      <factId>11</factId>
      <objectToString>pl.edu.atar.universityrecruitment.ExamSubjectResult@7a8136b3</objectToString>
    </org.drools.kiesession.audit.ObjectLogEvent>
    <org.drools.kiesession.audit.ObjectLogEvent>
      <type>2</type>
      <factId>1</factId>
      <objectToString>pl.edu.atar.universityrecruitment.UniversityCandidate@7a93b263</objectToString>
    </org.drools.kiesession.audit.ObjectLogEvent>
    <org.drools.kiesession.audit.ActivationLogEvent>
      <type>7</type>
      <activationId>Get subjects for exam qualification (exam_result_calculation) [1, 2]</activationId>
      <rule>Get subjects for exam qualification (exam_result_calculation)</rule>
      <declarations>$esr=pl.edu.atar.universityrecruitment.ExamSubjectResult@7a8136b3; $uc=pl.edu.atar.universityrecruitment.UniversityCandidate@7a93b263</declarations>
      <factHandleIds>1,2</factHandleIds>
    </org.drools.kiesession.audit.ActivationLogEvent>
    <org.drools.kiesession.audit.ActivationLogEvent>
      <type>6</type>
      <activationId>Subject result multiplication on exam level (exam_result_calculation) [7]</activationId>
      <rule>Subject result multiplication on exam level (exam_result_calculation)</rule>
      <declarations>$esr=pl.edu.atar.universityrecruitment.ExamSubjectResult@64412d34</declarations>
      <factHandleIds>7</factHandleIds>
    </org.drools.kiesession.audit.ActivationLogEvent>
    <org.drools.kiesession.audit.ObjectLogEvent>
      <type>2</type>
      <factId>7</factId>
      <objectToString>pl.edu.atar.universityrecruitment.ExamSubjectResult@64412d34</objectToString>
    </org.drools.kiesession.audit.ObjectLogEvent>
    <org.drools.kiesession.audit.ActivationLogEvent>
      <type>7</type>
      <activationId>Subject result multiplication on exam level (exam_result_calculation) [7]</activationId>
      <rule>Subject result multiplication on exam level (exam_result_calculation)</rule>
      <declarations>$esr=pl.edu.atar.universityrecruitment.ExamSubjectResult@64412d34</declarations>
      <factHandleIds>7</factHandleIds>
    </org.drools.kiesession.audit.ActivationLogEvent>
    <org.drools.kiesession.audit.ActivationLogEvent>
      <type>6</type>
      <activationId>Subject result multiplication on exam level (exam_result_calculation) [8]</activationId>
      <rule>Subject result multiplication on exam level (exam_result_calculation)</rule>
      <declarations>$esr=pl.edu.atar.universityrecruitment.ExamSubjectResult@1706a5c9</declarations>
      <factHandleIds>8</factHandleIds>
    </org.drools.kiesession.audit.ActivationLogEvent>
    <org.drools.kiesession.audit.ObjectLogEvent>
      <type>2</type>
      <factId>8</factId>
      <objectToString>pl.edu.atar.universityrecruitment.ExamSubjectResult@1706a5c9</objectToString>
    </org.drools.kiesession.audit.ObjectLogEvent>
    <org.drools.kiesession.audit.ActivationLogEvent>
      <type>7</type>
      <activationId>Subject result multiplication on exam level (exam_result_calculation) [8]</activationId>
      <rule>Subject result multiplication on exam level (exam_result_calculation)</rule>
      <declarations>$esr=pl.edu.atar.universityrecruitment.ExamSubjectResult@1706a5c9</declarations>
      <factHandleIds>8</factHandleIds>
    </org.drools.kiesession.audit.ActivationLogEvent>
    <org.drools.kiesession.audit.ActivationLogEvent>
      <type>6</type>
      <activationId>Subject result multiplication on exam level (exam_result_calculation) [10]</activationId>
      <rule>Subject result multiplication on exam level (exam_result_calculation)</rule>
      <declarations>$esr=pl.edu.atar.universityrecruitment.ExamSubjectResult@1de6932a</declarations>
      <factHandleIds>10</factHandleIds>
    </org.drools.kiesession.audit.ActivationLogEvent>
    <org.drools.kiesession.audit.ObjectLogEvent>
      <type>2</type>
      <factId>10</factId>
      <objectToString>pl.edu.atar.universityrecruitment.ExamSubjectResult@1de6932a</objectToString>
    </org.drools.kiesession.audit.ObjectLogEvent>
    <org.drools.kiesession.audit.ActivationLogEvent>
      <type>7</type>
      <activationId>Subject result multiplication on exam level (exam_result_calculation) [10]</activationId>
      <rule>Subject result multiplication on exam level (exam_result_calculation)</rule>
      <declarations>$esr=pl.edu.atar.universityrecruitment.ExamSubjectResult@1de6932a</declarations>
      <factHandleIds>10</factHandleIds>
    </org.drools.kiesession.audit.ActivationLogEvent>
    <org.drools.kiesession.audit.ActivationLogEvent>
      <type>4</type>
      <activationId>Subject result summation / Pielęgniarstwo (exam_result_calculation) [1, 7]</activationId>
      <rule>Subject result summation / Pielęgniarstwo (exam_result_calculation)</rule>
      <declarations>$esr=pl.edu.atar.universityrecruitment.ExamSubjectResult@64412d34; $uc=pl.edu.atar.universityrecruitment.UniversityCandidate@7a93b263</declarations>
      <factHandleIds>7,1</factHandleIds>
    </org.drools.kiesession.audit.ActivationLogEvent>
    <org.drools.kiesession.audit.ActivationLogEvent>
      <type>4</type>
      <activationId>Subject result summation / Pielęgniarstwo (exam_result_calculation) [1, 8]</activationId>
      <rule>Subject result summation / Pielęgniarstwo (exam_result_calculation)</rule>
      <declarations>$esr=pl.edu.atar.universityrecruitment.ExamSubjectResult@1706a5c9; $uc=pl.edu.atar.universityrecruitment.UniversityCandidate@7a93b263</declarations>
      <factHandleIds>8,1</factHandleIds>
    </org.drools.kiesession.audit.ActivationLogEvent>
    <org.drools.kiesession.audit.ActivationLogEvent>
      <type>6</type>
      <activationId>Subject result summation / Pielęgniarstwo (exam_result_calculation) [1, 7]</activationId>
      <rule>Subject result summation / Pielęgniarstwo (exam_result_calculation)</rule>
      <declarations>$esr=pl.edu.atar.universityrecruitment.ExamSubjectResult@64412d34; $uc=pl.edu.atar.universityrecruitment.UniversityCandidate@7a93b263</declarations>
      <factHandleIds>7,1</factHandleIds>
    </org.drools.kiesession.audit.ActivationLogEvent>
    <org.drools.kiesession.audit.ObjectLogEvent>
      <type>2</type>
      <factId>1</factId>
      <objectToString>pl.edu.atar.universityrecruitment.UniversityCandidate@7a93b263</objectToString>
    </org.drools.kiesession.audit.ObjectLogEvent>
    <org.drools.kiesession.audit.ObjectLogEvent>
      <type>3</type>
      <factId>7</factId>
      <objectToString>pl.edu.atar.universityrecruitment.ExamSubjectResult@64412d34</objectToString>
    </org.drools.kiesession.audit.ObjectLogEvent>
    <org.drools.kiesession.audit.ActivationLogEvent>
      <type>7</type>
      <activationId>Subject result summation / Pielęgniarstwo (exam_result_calculation) [1, 7]</activationId>
      <rule>Subject result summation / Pielęgniarstwo (exam_result_calculation)</rule>
      <declarations>$uc=pl.edu.atar.universityrecruitment.UniversityCandidate@7a93b263</declarations>
      <factHandleIds>7,1</factHandleIds>
    </org.drools.kiesession.audit.ActivationLogEvent>
    <org.drools.kiesession.audit.ActivationLogEvent>
      <type>6</type>
      <activationId>Subject result summation / Pielęgniarstwo (exam_result_calculation) [1, 8]</activationId>
      <rule>Subject result summation / Pielęgniarstwo (exam_result_calculation)</rule>
      <declarations>$esr=pl.edu.atar.universityrecruitment.ExamSubjectResult@1706a5c9; $uc=pl.edu.atar.universityrecruitment.UniversityCandidate@7a93b263</declarations>
      <factHandleIds>8,1</factHandleIds>
    </org.drools.kiesession.audit.ActivationLogEvent>
    <org.drools.kiesession.audit.ObjectLogEvent>
      <type>2</type>
      <factId>1</factId>
      <objectToString>pl.edu.atar.universityrecruitment.UniversityCandidate@7a93b263</objectToString>
    </org.drools.kiesession.audit.ObjectLogEvent>
    <org.drools.kiesession.audit.ObjectLogEvent>
      <type>3</type>
      <factId>8</factId>
      <objectToString>pl.edu.atar.universityrecruitment.ExamSubjectResult@1706a5c9</objectToString>
    </org.drools.kiesession.audit.ObjectLogEvent>
    <org.drools.kiesession.audit.ActivationLogEvent>
      <type>7</type>
      <activationId>Subject result summation / Pielęgniarstwo (exam_result_calculation) [1, 8]</activationId>
      <rule>Subject result summation / Pielęgniarstwo (exam_result_calculation)</rule>
      <declarations>$uc=pl.edu.atar.universityrecruitment.UniversityCandidate@7a93b263</declarations>
      <factHandleIds>8,1</factHandleIds>
    </org.drools.kiesession.audit.ActivationLogEvent>
    <org.drools.kiesession.audit.ActivationLogEvent>
      <type>4</type>
      <activationId>Exam Qualification / Pielęgniarstwo (exam_result_calculation) [1]</activationId>
      <rule>Exam Qualification / Pielęgniarstwo (exam_result_calculation)</rule>
      <declarations>$uc=pl.edu.atar.universityrecruitment.UniversityCandidate@7a93b263</declarations>
      <factHandleIds>1</factHandleIds>
    </org.drools.kiesession.audit.ActivationLogEvent>
    <org.drools.kiesession.audit.ActivationLogEvent>
      <type>6</type>
      <activationId>Exam Qualification / Pielęgniarstwo (exam_result_calculation) [1]</activationId>
      <rule>Exam Qualification / Pielęgniarstwo (exam_result_calculation)</rule>
      <declarations>$uc=pl.edu.atar.universityrecruitment.UniversityCandidate@7a93b263</declarations>
      <factHandleIds>1</factHandleIds>
    </org.drools.kiesession.audit.ActivationLogEvent>
    <org.drools.kiesession.audit.ActivationLogEvent>
      <type>5</type>
      <activationId>Olympic qualification (exam_result_calculation) [1]</activationId>
      <rule>Olympic qualification (exam_result_calculation)</rule>
      <declarations>$uc=pl.edu.atar.universityrecruitment.UniversityCandidate@7a93b263</declarations>
      <factHandleIds>1</factHandleIds>
    </org.drools.kiesession.audit.ActivationLogEvent>
    <org.drools.kiesession.audit.ActivationLogEvent>
      <type>7</type>
      <activationId>Exam Qualification / Pielęgniarstwo (exam_result_calculation) [1]</activationId>
      <rule>Exam Qualification / Pielęgniarstwo (exam_result_calculation)</rule>
      <declarations>$uc=pl.edu.atar.universityrecruitment.UniversityCandidate@7a93b263</declarations>
      <factHandleIds>1</factHandleIds>
    </org.drools.kiesession.audit.ActivationLogEvent>
  </events>
</org.drools.kiesession.audit.WorkingMemoryLog>
</object-stream>
