<object-stream>
<org.drools.kiesession.audit.WorkingMemoryLog>
  <version>6.1</version>
  <events>
    <org.drools.kiesession.audit.ActivationLogEvent>
      <type>4</type>
      <activationId>Get subjects for exam qualification (exam_result_calculation) [1, 5]</activationId>
      <rule>Get subjects for exam qualification (exam_result_calculation)</rule>
      <declarations>$esr=pl.edu.atar.universityrecruitment.ExamSubjectResult@1686f0b4; $uc=pl.edu.atar.universityrecruitment.UniversityCandidate@21422231</declarations>
      <factHandleIds>1,5</factHandleIds>
    </org.drools.kiesession.audit.ActivationLogEvent>
    <org.drools.kiesession.audit.ActivationLogEvent>
      <type>4</type>
      <activationId>Get subjects for exam qualification (exam_result_calculation) [1, 4]</activationId>
      <rule>Get subjects for exam qualification (exam_result_calculation)</rule>
      <declarations>$esr=pl.edu.atar.universityrecruitment.ExamSubjectResult@56d93692; $uc=pl.edu.atar.universityrecruitment.UniversityCandidate@21422231</declarations>
      <factHandleIds>1,4</factHandleIds>
    </org.drools.kiesession.audit.ActivationLogEvent>
    <org.drools.kiesession.audit.ActivationLogEvent>
      <type>4</type>
      <activationId>Get subjects for exam qualification (exam_result_calculation) [1, 3]</activationId>
      <rule>Get subjects for exam qualification (exam_result_calculation)</rule>
      <declarations>$esr=pl.edu.atar.universityrecruitment.ExamSubjectResult@36f1046f; $uc=pl.edu.atar.universityrecruitment.UniversityCandidate@21422231</declarations>
      <factHandleIds>1,3</factHandleIds>
    </org.drools.kiesession.audit.ActivationLogEvent>
    <org.drools.kiesession.audit.ActivationLogEvent>
      <type>4</type>
      <activationId>Get subjects for exam qualification (exam_result_calculation) [1, 2]</activationId>
      <rule>Get subjects for exam qualification (exam_result_calculation)</rule>
      <declarations>$esr=pl.edu.atar.universityrecruitment.ExamSubjectResult@692fd26; $uc=pl.edu.atar.universityrecruitment.UniversityCandidate@21422231</declarations>
      <factHandleIds>1,2</factHandleIds>
    </org.drools.kiesession.audit.ActivationLogEvent>
    <org.drools.kiesession.audit.ActivationLogEvent>
      <type>6</type>
      <activationId>Get subjects for exam qualification (exam_result_calculation) [1, 5]</activationId>
      <rule>Get subjects for exam qualification (exam_result_calculation)</rule>
      <declarations>$esr=pl.edu.atar.universityrecruitment.ExamSubjectResult@1686f0b4; $uc=pl.edu.atar.universityrecruitment.UniversityCandidate@21422231</declarations>
      <factHandleIds>1,5</factHandleIds>
    </org.drools.kiesession.audit.ActivationLogEvent>
    <org.drools.kiesession.audit.ObjectLogEvent>
      <type>1</type>
      <factId>6</factId>
      <objectToString>pl.edu.atar.universityrecruitment.ExamSubjectResult@1686f0b4</objectToString>
    </org.drools.kiesession.audit.ObjectLogEvent>
    <org.drools.kiesession.audit.ObjectLogEvent>
      <type>2</type>
      <factId>1</factId>
      <objectToString>pl.edu.atar.universityrecruitment.UniversityCandidate@21422231</objectToString>
    </org.drools.kiesession.audit.ObjectLogEvent>
    <org.drools.kiesession.audit.ActivationLogEvent>
      <type>7</type>
      <activationId>Get subjects for exam qualification (exam_result_calculation) [1, 5]</activationId>
      <rule>Get subjects for exam qualification (exam_result_calculation)</rule>
      <declarations>$esr=pl.edu.atar.universityrecruitment.ExamSubjectResult@1686f0b4; $uc=pl.edu.atar.universityrecruitment.UniversityCandidate@21422231</declarations>
      <factHandleIds>1,5</factHandleIds>
    </org.drools.kiesession.audit.ActivationLogEvent>
    <org.drools.kiesession.audit.ActivationLogEvent>
      <type>4</type>
      <activationId>Subject result multiplication on exam level (exam_result_calculation) [6]</activationId>
      <rule>Subject result multiplication on exam level (exam_result_calculation)</rule>
      <declarations>$esr=pl.edu.atar.universityrecruitment.ExamSubjectResult@1686f0b4</declarations>
      <factHandleIds>6</factHandleIds>
    </org.drools.kiesession.audit.ActivationLogEvent>
    <org.drools.kiesession.audit.ActivationLogEvent>
      <type>6</type>
      <activationId>Get subjects for exam qualification (exam_result_calculation) [1, 4]</activationId>
      <rule>Get subjects for exam qualification (exam_result_calculation)</rule>
      <declarations>$esr=pl.edu.atar.universityrecruitment.ExamSubjectResult@56d93692; $uc=pl.edu.atar.universityrecruitment.UniversityCandidate@21422231</declarations>
      <factHandleIds>1,4</factHandleIds>
    </org.drools.kiesession.audit.ActivationLogEvent>
    <org.drools.kiesession.audit.ObjectLogEvent>
      <type>1</type>
      <factId>7</factId>
      <objectToString>pl.edu.atar.universityrecruitment.ExamSubjectResult@56d93692</objectToString>
    </org.drools.kiesession.audit.ObjectLogEvent>
    <org.drools.kiesession.audit.ObjectLogEvent>
      <type>2</type>
      <factId>1</factId>
      <objectToString>pl.edu.atar.universityrecruitment.UniversityCandidate@21422231</objectToString>
    </org.drools.kiesession.audit.ObjectLogEvent>
    <org.drools.kiesession.audit.ActivationLogEvent>
      <type>7</type>
      <activationId>Get subjects for exam qualification (exam_result_calculation) [1, 4]</activationId>
      <rule>Get subjects for exam qualification (exam_result_calculation)</rule>
      <declarations>$esr=pl.edu.atar.universityrecruitment.ExamSubjectResult@56d93692; $uc=pl.edu.atar.universityrecruitment.UniversityCandidate@21422231</declarations>
      <factHandleIds>1,4</factHandleIds>
    </org.drools.kiesession.audit.ActivationLogEvent>
    <org.drools.kiesession.audit.ActivationLogEvent>
      <type>6</type>
      <activationId>Get subjects for exam qualification (exam_result_calculation) [1, 3]</activationId>
      <rule>Get subjects for exam qualification (exam_result_calculation)</rule>
      <declarations>$esr=pl.edu.atar.universityrecruitment.ExamSubjectResult@36f1046f; $uc=pl.edu.atar.universityrecruitment.UniversityCandidate@21422231</declarations>
      <factHandleIds>1,3</factHandleIds>
    </org.drools.kiesession.audit.ActivationLogEvent>
    <org.drools.kiesession.audit.ObjectLogEvent>
      <type>1</type>
      <factId>8</factId>
      <objectToString>pl.edu.atar.universityrecruitment.ExamSubjectResult@36f1046f</objectToString>
    </org.drools.kiesession.audit.ObjectLogEvent>
    <org.drools.kiesession.audit.ObjectLogEvent>
      <type>2</type>
      <factId>1</factId>
      <objectToString>pl.edu.atar.universityrecruitment.UniversityCandidate@21422231</objectToString>
    </org.drools.kiesession.audit.ObjectLogEvent>
    <org.drools.kiesession.audit.ActivationLogEvent>
      <type>7</type>
      <activationId>Get subjects for exam qualification (exam_result_calculation) [1, 3]</activationId>
      <rule>Get subjects for exam qualification (exam_result_calculation)</rule>
      <declarations>$esr=pl.edu.atar.universityrecruitment.ExamSubjectResult@36f1046f; $uc=pl.edu.atar.universityrecruitment.UniversityCandidate@21422231</declarations>
      <factHandleIds>1,3</factHandleIds>
    </org.drools.kiesession.audit.ActivationLogEvent>
    <org.drools.kiesession.audit.ActivationLogEvent>
      <type>4</type>
      <activationId>Subject result multiplication on exam level (exam_result_calculation) [8]</activationId>
      <rule>Subject result multiplication on exam level (exam_result_calculation)</rule>
      <declarations>$esr=pl.edu.atar.universityrecruitment.ExamSubjectResult@36f1046f</declarations>
      <factHandleIds>8</factHandleIds>
    </org.drools.kiesession.audit.ActivationLogEvent>
    <org.drools.kiesession.audit.ActivationLogEvent>
      <type>6</type>
      <activationId>Get subjects for exam qualification (exam_result_calculation) [1, 2]</activationId>
      <rule>Get subjects for exam qualification (exam_result_calculation)</rule>
      <declarations>$esr=pl.edu.atar.universityrecruitment.ExamSubjectResult@692fd26; $uc=pl.edu.atar.universityrecruitment.UniversityCandidate@21422231</declarations>
      <factHandleIds>1,2</factHandleIds>
    </org.drools.kiesession.audit.ActivationLogEvent>
    <org.drools.kiesession.audit.ObjectLogEvent>
      <type>1</type>
      <factId>9</factId>
      <objectToString>pl.edu.atar.universityrecruitment.ExamSubjectResult@692fd26</objectToString>
    </org.drools.kiesession.audit.ObjectLogEvent>
    <org.drools.kiesession.audit.ObjectLogEvent>
      <type>2</type>
      <factId>1</factId>
      <objectToString>pl.edu.atar.universityrecruitment.UniversityCandidate@21422231</objectToString>
    </org.drools.kiesession.audit.ObjectLogEvent>
    <org.drools.kiesession.audit.ActivationLogEvent>
      <type>7</type>
      <activationId>Get subjects for exam qualification (exam_result_calculation) [1, 2]</activationId>
      <rule>Get subjects for exam qualification (exam_result_calculation)</rule>
      <declarations>$esr=pl.edu.atar.universityrecruitment.ExamSubjectResult@692fd26; $uc=pl.edu.atar.universityrecruitment.UniversityCandidate@21422231</declarations>
      <factHandleIds>1,2</factHandleIds>
    </org.drools.kiesession.audit.ActivationLogEvent>
    <org.drools.kiesession.audit.ActivationLogEvent>
      <type>6</type>
      <activationId>Subject result multiplication on exam level (exam_result_calculation) [6]</activationId>
      <rule>Subject result multiplication on exam level (exam_result_calculation)</rule>
      <declarations>$esr=pl.edu.atar.universityrecruitment.ExamSubjectResult@1686f0b4</declarations>
      <factHandleIds>6</factHandleIds>
    </org.drools.kiesession.audit.ActivationLogEvent>
    <org.drools.kiesession.audit.ObjectLogEvent>
      <type>2</type>
      <factId>6</factId>
      <objectToString>pl.edu.atar.universityrecruitment.ExamSubjectResult@1686f0b4</objectToString>
    </org.drools.kiesession.audit.ObjectLogEvent>
    <org.drools.kiesession.audit.ActivationLogEvent>
      <type>7</type>
      <activationId>Subject result multiplication on exam level (exam_result_calculation) [6]</activationId>
      <rule>Subject result multiplication on exam level (exam_result_calculation)</rule>
      <declarations>$esr=pl.edu.atar.universityrecruitment.ExamSubjectResult@1686f0b4</declarations>
      <factHandleIds>6</factHandleIds>
    </org.drools.kiesession.audit.ActivationLogEvent>
    <org.drools.kiesession.audit.ActivationLogEvent>
      <type>6</type>
      <activationId>Subject result multiplication on exam level (exam_result_calculation) [8]</activationId>
      <rule>Subject result multiplication on exam level (exam_result_calculation)</rule>
      <declarations>$esr=pl.edu.atar.universityrecruitment.ExamSubjectResult@36f1046f</declarations>
      <factHandleIds>8</factHandleIds>
    </org.drools.kiesession.audit.ActivationLogEvent>
    <org.drools.kiesession.audit.ObjectLogEvent>
      <type>2</type>
      <factId>8</factId>
      <objectToString>pl.edu.atar.universityrecruitment.ExamSubjectResult@36f1046f</objectToString>
    </org.drools.kiesession.audit.ObjectLogEvent>
    <org.drools.kiesession.audit.ActivationLogEvent>
      <type>7</type>
      <activationId>Subject result multiplication on exam level (exam_result_calculation) [8]</activationId>
      <rule>Subject result multiplication on exam level (exam_result_calculation)</rule>
      <declarations>$esr=pl.edu.atar.universityrecruitment.ExamSubjectResult@36f1046f</declarations>
      <factHandleIds>8</factHandleIds>
    </org.drools.kiesession.audit.ActivationLogEvent>
    <org.drools.kiesession.audit.ActivationLogEvent>
      <type>4</type>
      <activationId>Subject result summation / Elektrotechnika (exam_result_calculation) [1, 6]</activationId>
      <rule>Subject result summation / Elektrotechnika (exam_result_calculation)</rule>
      <declarations>$esr=pl.edu.atar.universityrecruitment.ExamSubjectResult@1686f0b4; $uc=pl.edu.atar.universityrecruitment.UniversityCandidate@21422231</declarations>
      <factHandleIds>6,1</factHandleIds>
    </org.drools.kiesession.audit.ActivationLogEvent>
    <org.drools.kiesession.audit.ActivationLogEvent>
      <type>4</type>
      <activationId>Subject result summation / Elektrotechnika (exam_result_calculation) [1, 8]</activationId>
      <rule>Subject result summation / Elektrotechnika (exam_result_calculation)</rule>
      <declarations>$esr=pl.edu.atar.universityrecruitment.ExamSubjectResult@36f1046f; $uc=pl.edu.atar.universityrecruitment.UniversityCandidate@21422231</declarations>
      <factHandleIds>8,1</factHandleIds>
    </org.drools.kiesession.audit.ActivationLogEvent>
    <org.drools.kiesession.audit.ActivationLogEvent>
      <type>6</type>
      <activationId>Subject result summation / Elektrotechnika (exam_result_calculation) [1, 6]</activationId>
      <rule>Subject result summation / Elektrotechnika (exam_result_calculation)</rule>
      <declarations>$esr=pl.edu.atar.universityrecruitment.ExamSubjectResult@1686f0b4; $uc=pl.edu.atar.universityrecruitment.UniversityCandidate@21422231</declarations>
      <factHandleIds>6,1</factHandleIds>
    </org.drools.kiesession.audit.ActivationLogEvent>
    <org.drools.kiesession.audit.ObjectLogEvent>
      <type>2</type>
      <factId>1</factId>
      <objectToString>pl.edu.atar.universityrecruitment.UniversityCandidate@21422231</objectToString>
    </org.drools.kiesession.audit.ObjectLogEvent>
    <org.drools.kiesession.audit.ObjectLogEvent>
      <type>3</type>
      <factId>6</factId>
      <objectToString>pl.edu.atar.universityrecruitment.ExamSubjectResult@1686f0b4</objectToString>
    </org.drools.kiesession.audit.ObjectLogEvent>
    <org.drools.kiesession.audit.ActivationLogEvent>
      <type>7</type>
      <activationId>Subject result summation / Elektrotechnika (exam_result_calculation) [1, 6]</activationId>
      <rule>Subject result summation / Elektrotechnika (exam_result_calculation)</rule>
      <declarations>$uc=pl.edu.atar.universityrecruitment.UniversityCandidate@21422231</declarations>
      <factHandleIds>6,1</factHandleIds>
    </org.drools.kiesession.audit.ActivationLogEvent>
    <org.drools.kiesession.audit.ActivationLogEvent>
      <type>6</type>
      <activationId>Subject result summation / Elektrotechnika (exam_result_calculation) [1, 8]</activationId>
      <rule>Subject result summation / Elektrotechnika (exam_result_calculation)</rule>
      <declarations>$esr=pl.edu.atar.universityrecruitment.ExamSubjectResult@36f1046f; $uc=pl.edu.atar.universityrecruitment.UniversityCandidate@21422231</declarations>
      <factHandleIds>8,1</factHandleIds>
    </org.drools.kiesession.audit.ActivationLogEvent>
    <org.drools.kiesession.audit.ObjectLogEvent>
      <type>2</type>
      <factId>1</factId>
      <objectToString>pl.edu.atar.universityrecruitment.UniversityCandidate@21422231</objectToString>
    </org.drools.kiesession.audit.ObjectLogEvent>
    <org.drools.kiesession.audit.ObjectLogEvent>
      <type>3</type>
      <factId>8</factId>
      <objectToString>pl.edu.atar.universityrecruitment.ExamSubjectResult@36f1046f</objectToString>
    </org.drools.kiesession.audit.ObjectLogEvent>
    <org.drools.kiesession.audit.ActivationLogEvent>
      <type>7</type>
      <activationId>Subject result summation / Elektrotechnika (exam_result_calculation) [1, 8]</activationId>
      <rule>Subject result summation / Elektrotechnika (exam_result_calculation)</rule>
      <declarations>$uc=pl.edu.atar.universityrecruitment.UniversityCandidate@21422231</declarations>
      <factHandleIds>8,1</factHandleIds>
    </org.drools.kiesession.audit.ActivationLogEvent>
    <org.drools.kiesession.audit.ActivationLogEvent>
      <type>4</type>
      <activationId>Exam Qualification / Elektrotechnika (exam_result_calculation) [1]</activationId>
      <rule>Exam Qualification / Elektrotechnika (exam_result_calculation)</rule>
      <declarations>$uc=pl.edu.atar.universityrecruitment.UniversityCandidate@21422231</declarations>
      <factHandleIds>1</factHandleIds>
    </org.drools.kiesession.audit.ActivationLogEvent>
    <org.drools.kiesession.audit.ActivationLogEvent>
      <type>6</type>
      <activationId>Exam Qualification / Elektrotechnika (exam_result_calculation) [1]</activationId>
      <rule>Exam Qualification / Elektrotechnika (exam_result_calculation)</rule>
      <declarations>$uc=pl.edu.atar.universityrecruitment.UniversityCandidate@21422231</declarations>
      <factHandleIds>1</factHandleIds>
    </org.drools.kiesession.audit.ActivationLogEvent>
    <org.drools.kiesession.audit.ActivationLogEvent>
      <type>7</type>
      <activationId>Exam Qualification / Elektrotechnika (exam_result_calculation) [1]</activationId>
      <rule>Exam Qualification / Elektrotechnika (exam_result_calculation)</rule>
      <declarations>$uc=pl.edu.atar.universityrecruitment.UniversityCandidate@21422231</declarations>
      <factHandleIds>1</factHandleIds>
    </org.drools.kiesession.audit.ActivationLogEvent>
  </events>
</org.drools.kiesession.audit.WorkingMemoryLog>
</object-stream>
